<?xml version="1.0" encoding="UTF-8"?>
<!-- Generated by org.testng.reporters.JUnitReportReporter -->
<testsuite skipped="0" hostname="DESKTOP-F8EP4R0" name="com.udemy.day4Test" tests="2" failures="0" timestamp="14 Feb 2019 06:44:40 GMT" time="0.028" errors="0">
  <testcase name="TC_7" time="0.024" classname="com.udemy.day4Test"/>
  <testcase name="TC_8" time="0.004" classname="com.udemy.day4Test"/>
</testsuite> <!-- com.udemy.day4Test -->
