<?xml version="1.0" encoding="UTF-8"?>
<!-- Generated by org.testng.reporters.JUnitReportReporter -->
<testsuite skipped="0" hostname="DESKTOP-F8EP4R0" name="com.udemy.day3Test" tests="3" failures="0" timestamp="14 Feb 2019 06:44:40 GMT" time="0.012" errors="0">
  <testcase name="TC_5" time="0.008" classname="com.udemy.day3Test"/>
  <testcase name="TC_5" time="0.004" classname="com.udemy.day3Test"/>
  <testcase name="TC_5" time="0.000" classname="com.udemy.day3Test"/>
</testsuite> <!-- com.udemy.day3Test -->
