<?xml version="1.0" encoding="UTF-8"?>
<!-- Generated by org.testng.reporters.JUnitReportReporter -->
<testsuite skipped="0" hostname="DESKTOP-F8EP4R0" name="com.udemy.day3Test" tests="4" failures="0" timestamp="14 Feb 2019 07:24:26 GMT" time="0.001" errors="0">
  <testcase name="TC_6" time="0.000" classname="com.udemy.day3Test"/>
  <testcase name="TC_5" time="0.000" classname="com.udemy.day3Test"/>
  <testcase name="TC_5" time="0.001" classname="com.udemy.day3Test"/>
  <testcase name="TC_5" time="0.000" classname="com.udemy.day3Test"/>
</testsuite> <!-- com.udemy.day3Test -->
