<?xml version="1.0" encoding="UTF-8"?>
<!-- Generated by org.testng.reporters.JUnitReportReporter -->
<testsuite skipped="0" hostname="DESKTOP-F8EP4R0" name="com.udemy.day2Test" tests="2" failures="0" timestamp="14 Feb 2019 07:24:26 GMT" time="0.001" errors="0">
  <testcase name="TC_3" time="0.000" classname="com.udemy.day2Test"/>
  <testcase name="TC_4" time="0.001" classname="com.udemy.day2Test"/>
</testsuite> <!-- com.udemy.day2Test -->
