<?xml version="1.0" encoding="UTF-8"?>
<!-- Generated by org.testng.reporters.JUnitReportReporter -->
<testsuite skipped="0" hostname="DESKTOP-F8EP4R0" name="com.udemy.day1Test" tests="3" failures="0" timestamp="14 Feb 2019 07:24:26 GMT" time="0.002" errors="0">
  <testcase name="TC_2" time="0.000" classname="com.udemy.day1Test"/>
  <testcase name="TC_1" time="0.001" classname="com.udemy.day1Test"/>
  <testcase name="TC_0" time="0.001" classname="com.udemy.day1Test"/>
</testsuite> <!-- com.udemy.day1Test -->
